This is pdfTeX, Version 3.1415926-2.5-1.40.14 (TeX Live 2013/Debian) (format=pdflatex 2017.12.6)  28 AUG 2018 20:54
entering extended mode
 restricted \write18 enabled.
 %&-line parsing enabled.
**Proyecto.tex
(./Proyecto.tex
LaTeX2e <2011/06/27>
Babel <3.9h> and hyphenation patterns for 78 languages loaded.
(/usr/share/texlive/texmf-dist/tex/latex/base/book.cls
Document Class: book 2007/10/19 v1.4h Standard LaTeX document class
(/usr/share/texlive/texmf-dist/tex/latex/base/bk11.clo
File: bk11.clo 2007/10/19 v1.4h Standard LaTeX file (size option)
)
\c@part=\count79
\c@chapter=\count80
\c@section=\count81
\c@subsection=\count82
\c@subsubsection=\count83
\c@paragraph=\count84
\c@subparagraph=\count85
\c@figure=\count86
\c@table=\count87
\abovecaptionskip=\skip41
\belowcaptionskip=\skip42
\bibindent=\dimen102
)
(/usr/share/texlive/texmf-dist/tex/latex/listings/listings.sty
(/usr/share/texlive/texmf-dist/tex/latex/graphics/keyval.sty
Package: keyval 1999/03/16 v1.13 key=value parser (DPC)
\KV@toks@=\toks14
)
\lst@mode=\count88
\lst@gtempboxa=\box26
\lst@token=\toks15
\lst@length=\count89
\lst@currlwidth=\dimen103
\lst@column=\count90
\lst@pos=\count91
\lst@lostspace=\dimen104
\lst@width=\dimen105
\lst@newlines=\count92
\lst@lineno=\count93
\lst@maxwidth=\dimen106

(/usr/share/texlive/texmf-dist/tex/latex/listings/lstmisc.sty
File: lstmisc.sty 2013/08/26 1.5b (Carsten Heinz)
\c@lstnumber=\count94
\lst@skipnumbers=\count95
\lst@framebox=\box27
)
(/usr/share/texlive/texmf-dist/tex/latex/listings/listings.cfg
File: listings.cfg 2013/08/26 1.5b listings configuration
))
Package: listings 2013/08/26 1.5b (Carsten Heinz)

(/usr/share/texlive/texmf-dist/tex/latex/base/inputenc.sty
Package: inputenc 2008/03/30 v1.1d Input encoding file
\inpenc@prehook=\toks16
\inpenc@posthook=\toks17

(/usr/share/texlive/texmf-dist/tex/latex/base/utf8.def
File: utf8.def 2008/04/05 v1.1m UTF-8 support for inputenc
Now handling font encoding OML ...
... no UTF-8 mapping file for font encoding OML
Now handling font encoding T1 ...
... processing UTF-8 mapping file for font encoding T1

(/usr/share/texlive/texmf-dist/tex/latex/base/t1enc.dfu
File: t1enc.dfu 2008/04/05 v1.1m UTF-8 support for inputenc
   defining Unicode char U+00A1 (decimal 161)
   defining Unicode char U+00A3 (decimal 163)
   defining Unicode char U+00AB (decimal 171)
   defining Unicode char U+00BB (decimal 187)
   defining Unicode char U+00BF (decimal 191)
   defining Unicode char U+00C0 (decimal 192)
   defining Unicode char U+00C1 (decimal 193)
   defining Unicode char U+00C2 (decimal 194)
   defining Unicode char U+00C3 (decimal 195)
   defining Unicode char U+00C4 (decimal 196)
   defining Unicode char U+00C5 (decimal 197)
   defining Unicode char U+00C6 (decimal 198)
   defining Unicode char U+00C7 (decimal 199)
   defining Unicode char U+00C8 (decimal 200)
   defining Unicode char U+00C9 (decimal 201)
   defining Unicode char U+00CA (decimal 202)
   defining Unicode char U+00CB (decimal 203)
   defining Unicode char U+00CC (decimal 204)
   defining Unicode char U+00CD (decimal 205)
   defining Unicode char U+00CE (decimal 206)
   defining Unicode char U+00CF (decimal 207)
   defining Unicode char U+00D0 (decimal 208)
   defining Unicode char U+00D1 (decimal 209)
   defining Unicode char U+00D2 (decimal 210)
   defining Unicode char U+00D3 (decimal 211)
   defining Unicode char U+00D4 (decimal 212)
   defining Unicode char U+00D5 (decimal 213)
   defining Unicode char U+00D6 (decimal 214)
   defining Unicode char U+00D8 (decimal 216)
   defining Unicode char U+00D9 (decimal 217)
   defining Unicode char U+00DA (decimal 218)
   defining Unicode char U+00DB (decimal 219)
   defining Unicode char U+00DC (decimal 220)
   defining Unicode char U+00DD (decimal 221)
   defining Unicode char U+00DE (decimal 222)
   defining Unicode char U+00DF (decimal 223)
   defining Unicode char U+00E0 (decimal 224)
   defining Unicode char U+00E1 (decimal 225)
   defining Unicode char U+00E2 (decimal 226)
   defining Unicode char U+00E3 (decimal 227)
   defining Unicode char U+00E4 (decimal 228)
   defining Unicode char U+00E5 (decimal 229)
   defining Unicode char U+00E6 (decimal 230)
   defining Unicode char U+00E7 (decimal 231)
   defining Unicode char U+00E8 (decimal 232)
   defining Unicode char U+00E9 (decimal 233)
   defining Unicode char U+00EA (decimal 234)
   defining Unicode char U+00EB (decimal 235)
   defining Unicode char U+00EC (decimal 236)
   defining Unicode char U+00ED (decimal 237)
   defining Unicode char U+00EE (decimal 238)
   defining Unicode char U+00EF (decimal 239)
   defining Unicode char U+00F0 (decimal 240)
   defining Unicode char U+00F1 (decimal 241)
   defining Unicode char U+00F2 (decimal 242)
   defining Unicode char U+00F3 (decimal 243)
   defining Unicode char U+00F4 (decimal 244)
   defining Unicode char U+00F5 (decimal 245)
   defining Unicode char U+00F6 (decimal 246)
   defining Unicode char U+00F8 (decimal 248)
   defining Unicode char U+00F9 (decimal 249)
   defining Unicode char U+00FA (decimal 250)
   defining Unicode char U+00FB (decimal 251)
   defining Unicode char U+00FC (decimal 252)
   defining Unicode char U+00FD (decimal 253)
   defining Unicode char U+00FE (decimal 254)
   defining Unicode char U+00FF (decimal 255)
   defining Unicode char U+0102 (decimal 258)
   defining Unicode char U+0103 (decimal 259)
   defining Unicode char U+0104 (decimal 260)
   defining Unicode char U+0105 (decimal 261)
   defining Unicode char U+0106 (decimal 262)
   defining Unicode char U+0107 (decimal 263)
   defining Unicode char U+010C (decimal 268)
   defining Unicode char U+010D (decimal 269)
   defining Unicode char U+010E (decimal 270)
   defining Unicode char U+010F (decimal 271)
   defining Unicode char U+0110 (decimal 272)
   defining Unicode char U+0111 (decimal 273)
   defining Unicode char U+0118 (decimal 280)
   defining Unicode char U+0119 (decimal 281)
   defining Unicode char U+011A (decimal 282)
   defining Unicode char U+011B (decimal 283)
   defining Unicode char U+011E (decimal 286)
   defining Unicode char U+011F (decimal 287)
   defining Unicode char U+0130 (decimal 304)
   defining Unicode char U+0131 (decimal 305)
   defining Unicode char U+0132 (decimal 306)
   defining Unicode char U+0133 (decimal 307)
   defining Unicode char U+0139 (decimal 313)
   defining Unicode char U+013A (decimal 314)
   defining Unicode char U+013D (decimal 317)
   defining Unicode char U+013E (decimal 318)
   defining Unicode char U+0141 (decimal 321)
   defining Unicode char U+0142 (decimal 322)
   defining Unicode char U+0143 (decimal 323)
   defining Unicode char U+0144 (decimal 324)
   defining Unicode char U+0147 (decimal 327)
   defining Unicode char U+0148 (decimal 328)
   defining Unicode char U+014A (decimal 330)
   defining Unicode char U+014B (decimal 331)
   defining Unicode char U+0150 (decimal 336)
   defining Unicode char U+0151 (decimal 337)
   defining Unicode char U+0152 (decimal 338)
   defining Unicode char U+0153 (decimal 339)
   defining Unicode char U+0154 (decimal 340)
   defining Unicode char U+0155 (decimal 341)
   defining Unicode char U+0158 (decimal 344)
   defining Unicode char U+0159 (decimal 345)
   defining Unicode char U+015A (decimal 346)
   defining Unicode char U+015B (decimal 347)
   defining Unicode char U+015E (decimal 350)
   defining Unicode char U+015F (decimal 351)
   defining Unicode char U+0160 (decimal 352)
   defining Unicode char U+0161 (decimal 353)
   defining Unicode char U+0162 (decimal 354)
   defining Unicode char U+0163 (decimal 355)
   defining Unicode char U+0164 (decimal 356)
   defining Unicode char U+0165 (decimal 357)
   defining Unicode char U+016E (decimal 366)
   defining Unicode char U+016F (decimal 367)
   defining Unicode char U+0170 (decimal 368)
   defining Unicode char U+0171 (decimal 369)
   defining Unicode char U+0178 (decimal 376)
   defining Unicode char U+0179 (decimal 377)
   defining Unicode char U+017A (decimal 378)
   defining Unicode char U+017B (decimal 379)
   defining Unicode char U+017C (decimal 380)
   defining Unicode char U+017D (decimal 381)
   defining Unicode char U+017E (decimal 382)
   defining Unicode char U+200C (decimal 8204)
   defining Unicode char U+2013 (decimal 8211)
   defining Unicode char U+2014 (decimal 8212)
   defining Unicode char U+2018 (decimal 8216)
   defining Unicode char U+2019 (decimal 8217)
   defining Unicode char U+201A (decimal 8218)
   defining Unicode char U+201C (decimal 8220)
   defining Unicode char U+201D (decimal 8221)
   defining Unicode char U+201E (decimal 8222)
   defining Unicode char U+2030 (decimal 8240)
   defining Unicode char U+2031 (decimal 8241)
   defining Unicode char U+2039 (decimal 8249)
   defining Unicode char U+203A (decimal 8250)
   defining Unicode char U+2423 (decimal 9251)
)
Now handling font encoding OT1 ...
... processing UTF-8 mapping file for font encoding OT1

(/usr/share/texlive/texmf-dist/tex/latex/base/ot1enc.dfu
File: ot1enc.dfu 2008/04/05 v1.1m UTF-8 support for inputenc
   defining Unicode char U+00A1 (decimal 161)
   defining Unicode char U+00A3 (decimal 163)
   defining Unicode char U+00B8 (decimal 184)
   defining Unicode char U+00BF (decimal 191)
   defining Unicode char U+00C5 (decimal 197)
   defining Unicode char U+00C6 (decimal 198)
   defining Unicode char U+00D8 (decimal 216)
   defining Unicode char U+00DF (decimal 223)
   defining Unicode char U+00E6 (decimal 230)
   defining Unicode char U+00EC (decimal 236)
   defining Unicode char U+00ED (decimal 237)
   defining Unicode char U+00EE (decimal 238)
   defining Unicode char U+00EF (decimal 239)
   defining Unicode char U+00F8 (decimal 248)
   defining Unicode char U+0131 (decimal 305)
   defining Unicode char U+0141 (decimal 321)
   defining Unicode char U+0142 (decimal 322)
   defining Unicode char U+0152 (decimal 338)
   defining Unicode char U+0153 (decimal 339)
   defining Unicode char U+2013 (decimal 8211)
   defining Unicode char U+2014 (decimal 8212)
   defining Unicode char U+2018 (decimal 8216)
   defining Unicode char U+2019 (decimal 8217)
   defining Unicode char U+201C (decimal 8220)
   defining Unicode char U+201D (decimal 8221)
)
Now handling font encoding OMS ...
... processing UTF-8 mapping file for font encoding OMS

(/usr/share/texlive/texmf-dist/tex/latex/base/omsenc.dfu
File: omsenc.dfu 2008/04/05 v1.1m UTF-8 support for inputenc
   defining Unicode char U+00A7 (decimal 167)
   defining Unicode char U+00B6 (decimal 182)
   defining Unicode char U+00B7 (decimal 183)
   defining Unicode char U+2020 (decimal 8224)
   defining Unicode char U+2021 (decimal 8225)
   defining Unicode char U+2022 (decimal 8226)
)
Now handling font encoding OMX ...
... no UTF-8 mapping file for font encoding OMX
Now handling font encoding U ...
... no UTF-8 mapping file for font encoding U
   defining Unicode char U+00A9 (decimal 169)
   defining Unicode char U+00AA (decimal 170)
   defining Unicode char U+00AE (decimal 174)
   defining Unicode char U+00BA (decimal 186)
   defining Unicode char U+02C6 (decimal 710)
   defining Unicode char U+02DC (decimal 732)
   defining Unicode char U+200C (decimal 8204)
   defining Unicode char U+2026 (decimal 8230)
   defining Unicode char U+2122 (decimal 8482)
   defining Unicode char U+2423 (decimal 9251)
))
(/usr/share/texlive/texmf-dist/tex/generic/babel/babel.sty
Package: babel 2013/12/03 3.9h The Babel package

(/usr/share/texlive/texmf-dist/tex/generic/babel-spanish/spanish.ldf
Language: spanish.ldf 2014/01/29 v5.0m Spanish support from the babel system

(/usr/share/texlive/texmf-dist/tex/generic/babel/babel.def
File: babel.def 2013/12/03 3.9h Babel common definitions
\babel@savecnt=\count96
\U@D=\dimen107
)
\es@datefmt=\count97
\es@quottoks=\toks18
\es@quotdepth=\count98
Package babel Info: Making " an active character on input line 496.
Package babel Info: Making . an active character on input line 599.
Package babel Info: Making < an active character on input line 644.
Package babel Info: Making > an active character on input line 644.
))
(/usr/share/texlive/texmf-dist/tex/latex/tools/dcolumn.sty
Package: dcolumn 2001/05/28 v1.06 decimal alignment package (DPC)

(/usr/share/texlive/texmf-dist/tex/latex/tools/array.sty
Package: array 2008/09/09 v2.4c Tabular extension package (FMi)
\col@sep=\dimen108
\extrarowheight=\dimen109
\NC@list=\toks19
\extratabsurround=\skip43
\backup@length=\skip44
))
(/usr/share/texlive/texmf-dist/tex/latex/float/float.sty
Package: float 2001/11/08 v1.3d Float enhancements (AL)
\c@float@type=\count99
\float@exts=\toks20
\float@box=\box28
\@float@everytoks=\toks21
\@floatcapt=\box29
)
(/usr/share/texlive/texmf-dist/tex/latex/tools/verbatim.sty
Package: verbatim 2003/08/22 v1.5q LaTeX2e package for verbatim enhancements
\every@verbatim=\toks22
\verbatim@line=\toks23
\verbatim@in@stream=\read1
)
(/usr/share/texlive/texmf-dist/tex/latex/fancyhdr/fancyhdr.sty
\fancy@headwidth=\skip45
\f@ncyO@elh=\skip46
\f@ncyO@erh=\skip47
\f@ncyO@olh=\skip48
\f@ncyO@orh=\skip49
\f@ncyO@elf=\skip50
\f@ncyO@erf=\skip51
\f@ncyO@olf=\skip52
\f@ncyO@orf=\skip53
)
(/usr/share/texlive/texmf-dist/tex/latex/graphics/graphicx.sty
Package: graphicx 1999/02/16 v1.0f Enhanced LaTeX Graphics (DPC,SPQR)

(/usr/share/texlive/texmf-dist/tex/latex/graphics/graphics.sty
Package: graphics 2009/02/05 v1.0o Standard LaTeX Graphics (DPC,SPQR)

(/usr/share/texlive/texmf-dist/tex/latex/graphics/trig.sty
Package: trig 1999/03/16 v1.09 sin cos tan (DPC)
)
(/usr/share/texlive/texmf-dist/tex/latex/latexconfig/graphics.cfg
File: graphics.cfg 2010/04/23 v1.9 graphics configuration of TeX Live
)
Package graphics Info: Driver file: pdftex.def on input line 91.

(/usr/share/texlive/texmf-dist/tex/latex/pdftex-def/pdftex.def
File: pdftex.def 2011/05/27 v0.06d Graphics/color for pdfTeX

(/usr/share/texlive/texmf-dist/tex/generic/oberdiek/infwarerr.sty
Package: infwarerr 2010/04/08 v1.3 Providing info/warning/error messages (HO)
)
(/usr/share/texlive/texmf-dist/tex/generic/oberdiek/ltxcmds.sty
Package: ltxcmds 2011/11/09 v1.22 LaTeX kernel commands for general use (HO)
)
\Gread@gobject=\count100
))
\Gin@req@height=\dimen110
\Gin@req@width=\dimen111
)
(/usr/share/texlive/texmf-dist/tex/latex/tools/afterpage.sty
Package: afterpage 1995/10/27 v1.08 After-Page Package (DPC)
\AP@output=\toks24
\AP@partial=\box30
\AP@footins=\box31
)
(/usr/share/texlive/texmf-dist/tex/latex/tools/longtable.sty
Package: longtable 2004/02/01 v4.11 Multi-page Table package (DPC)
\LTleft=\skip54
\LTright=\skip55
\LTpre=\skip56
\LTpost=\skip57
\LTchunksize=\count101
\LTcapwidth=\dimen112
\LT@head=\box32
\LT@firsthead=\box33
\LT@foot=\box34
\LT@lastfoot=\box35
\LT@cols=\count102
\LT@rows=\count103
\c@LT@tables=\count104
\c@LT@chunks=\count105
\LT@p@ftn=\toks25
)
(/usr/share/texlive/texmf-dist/tex/latex/hyperref/hyperref.sty
Package: hyperref 2012/11/06 v6.83m Hypertext links for LaTeX

(/usr/share/texlive/texmf-dist/tex/generic/oberdiek/hobsub-hyperref.sty
Package: hobsub-hyperref 2012/05/28 v1.13 Bundle oberdiek, subset hyperref (HO)


(/usr/share/texlive/texmf-dist/tex/generic/oberdiek/hobsub-generic.sty
Package: hobsub-generic 2012/05/28 v1.13 Bundle oberdiek, subset generic (HO)
Package: hobsub 2012/05/28 v1.13 Construct package bundles (HO)
Package hobsub Info: Skipping package `infwarerr' (already loaded).
Package hobsub Info: Skipping package `ltxcmds' (already loaded).
Package: ifluatex 2010/03/01 v1.3 Provides the ifluatex switch (HO)
Package ifluatex Info: LuaTeX not detected.
Package: ifvtex 2010/03/01 v1.5 Detect VTeX and its facilities (HO)
Package ifvtex Info: VTeX not detected.
Package: intcalc 2007/09/27 v1.1 Expandable calculations with integers (HO)
Package: ifpdf 2011/01/30 v2.3 Provides the ifpdf switch (HO)
Package ifpdf Info: pdfTeX in PDF mode is detected.
Package: etexcmds 2011/02/16 v1.5 Avoid name clashes with e-TeX commands (HO)
Package etexcmds Info: Could not find \expanded.
(etexcmds)             That can mean that you are not using pdfTeX 1.50 or
(etexcmds)             that some package has redefined \expanded.
(etexcmds)             In the latter case, load this package earlier.
Package: kvsetkeys 2012/04/25 v1.16 Key value parser (HO)
Package: kvdefinekeys 2011/04/07 v1.3 Define keys (HO)
Package: pdftexcmds 2011/11/29 v0.20 Utility functions of pdfTeX for LuaTeX (HO
)
Package pdftexcmds Info: LuaTeX not detected.
Package pdftexcmds Info: \pdf@primitive is available.
Package pdftexcmds Info: \pdf@ifprimitive is available.
Package pdftexcmds Info: \pdfdraftmode found.
Package: pdfescape 2011/11/25 v1.13 Implements pdfTeX's escape features (HO)
Package: bigintcalc 2012/04/08 v1.3 Expandable calculations on big integers (HO
)
Package: bitset 2011/01/30 v1.1 Handle bit-vector datatype (HO)
Package: uniquecounter 2011/01/30 v1.2 Provide unlimited unique counter (HO)
)
Package hobsub Info: Skipping package `hobsub' (already loaded).
Package: letltxmacro 2010/09/02 v1.4 Let assignment for LaTeX macros (HO)
Package: hopatch 2012/05/28 v1.2 Wrapper for package hooks (HO)
Package: xcolor-patch 2011/01/30 xcolor patch
Package: atveryend 2011/06/30 v1.8 Hooks at the very end of document (HO)
Package atveryend Info: \AP@enddocument detected (standard20110627).
Package: atbegshi 2011/10/05 v1.16 At begin shipout hook (HO)
Package: refcount 2011/10/16 v3.4 Data extraction from label references (HO)
Package: hycolor 2011/01/30 v1.7 Color options for hyperref/bookmark (HO)
)
(/usr/share/texlive/texmf-dist/tex/generic/ifxetex/ifxetex.sty
Package: ifxetex 2010/09/12 v0.6 Provides ifxetex conditional
)
(/usr/share/texlive/texmf-dist/tex/latex/oberdiek/auxhook.sty
Package: auxhook 2011/03/04 v1.3 Hooks for auxiliary files (HO)
)
(/usr/share/texlive/texmf-dist/tex/latex/oberdiek/kvoptions.sty
Package: kvoptions 2011/06/30 v3.11 Key value format for package options (HO)
)
\@linkdim=\dimen113
\Hy@linkcounter=\count106
\Hy@pagecounter=\count107

(/usr/share/texlive/texmf-dist/tex/latex/hyperref/pd1enc.def
File: pd1enc.def 2012/11/06 v6.83m Hyperref: PDFDocEncoding definition (HO)
Now handling font encoding PD1 ...
... no UTF-8 mapping file for font encoding PD1
)
\Hy@SavedSpaceFactor=\count108

(/usr/share/texlive/texmf-dist/tex/latex/latexconfig/hyperref.cfg
File: hyperref.cfg 2002/06/06 v1.2 hyperref configuration of TeXLive
)

Package hyperref Warning: Invalid value `000'
(hyperref)                for option `pdfborder'.
(hyperref)                Option setting is ignored on input line 4319.

Package hyperref Info: Hyper figures OFF on input line 4443.
Package hyperref Info: Link nesting OFF on input line 4448.
Package hyperref Info: Hyper index ON on input line 4451.
Package hyperref Info: Plain pages OFF on input line 4458.
Package hyperref Info: Backreferencing OFF on input line 4463.
Package hyperref Info: Implicit mode ON; LaTeX internals redefined.
Package hyperref Info: Bookmarks ON on input line 4688.
\c@Hy@tempcnt=\count109
(/usr/share/texlive/texmf-dist/tex/latex/url/url.sty
\Urlmuskip=\muskip10
Package: url 2013/09/16  ver 3.4  Verb mode for urls, etc.
)
LaTeX Info: Redefining \url on input line 5041.
\XeTeXLinkMargin=\dimen114
\Fld@menulength=\count110
\Field@Width=\dimen115
\Fld@charsize=\dimen116
Package hyperref Info: Hyper figures OFF on input line 6295.
Package hyperref Info: Link nesting OFF on input line 6300.
Package hyperref Info: Hyper index ON on input line 6303.
Package hyperref Info: backreferencing OFF on input line 6310.
Package hyperref Info: Link coloring OFF on input line 6315.
Package hyperref Info: Link coloring with OCG OFF on input line 6320.
Package hyperref Info: PDF/A mode OFF on input line 6325.
LaTeX Info: Redefining \ref on input line 6365.
LaTeX Info: Redefining \pageref on input line 6369.
\Hy@abspage=\count111
\c@Item=\count112
\c@Hfootnote=\count113
)

Package hyperref Message: Driver (autodetected): hpdftex.

(/usr/share/texlive/texmf-dist/tex/latex/hyperref/hpdftex.def
File: hpdftex.def 2012/11/06 v6.83m Hyperref driver for pdfTeX
\Fld@listcount=\count114
\c@bookmark@seq@number=\count115

(/usr/share/texlive/texmf-dist/tex/latex/oberdiek/rerunfilecheck.sty
Package: rerunfilecheck 2011/04/15 v1.7 Rerun checks for auxiliary files (HO)
Package uniquecounter Info: New unique counter `rerunfilecheck' on input line 2
82.
)
\Hy@SectionHShift=\skip58
)
(/usr/share/texlive/texmf-dist/tex/latex/colortbl/colortbl.sty
Package: colortbl 2012/02/13 v1.0a Color table columns (DPC)

(/usr/share/texlive/texmf-dist/tex/latex/graphics/color.sty
Package: color 2005/11/14 v1.0j Standard LaTeX Color (DPC)

(/usr/share/texlive/texmf-dist/tex/latex/latexconfig/color.cfg
File: color.cfg 2007/01/18 v1.5 color configuration of teTeX/TeXLive
)
Package color Info: Driver file: pdftex.def on input line 130.
)
\everycr=\toks26
\minrowclearance=\skip59
)
(/usr/share/texlive/texmf-dist/tex/latex/footmisc/footmisc.sty
Package: footmisc 2011/06/06 v5.5b a miscellany of footnote facilities
\FN@temptoken=\toks27
\footnotemargin=\dimen117
\c@pp@next@reset=\count116
Package footmisc Info: Declaring symbol style bringhurst on input line 855.
Package footmisc Info: Declaring symbol style chicago on input line 863.
Package footmisc Info: Declaring symbol style wiley on input line 872.
Package footmisc Info: Declaring symbol style lamport-robust on input line 883.

Package footmisc Info: Declaring symbol style lamport* on input line 903.
Package footmisc Info: Declaring symbol style lamport*-robust on input line 924
.
)
\c@teorema=\count117
\c@ejemplo=\count118
\c@definicion=\count119

(/usr/share/texlive/texmf-dist/tex/latex/pdfpages/pdfpages.sty
Package: pdfpages 2013/08/25 v0.4v Insert pages of external PDF documents (AM)

(/usr/share/texlive/texmf-dist/tex/latex/base/ifthen.sty
Package: ifthen 2001/05/26 v1.1c Standard LaTeX ifthen package (DPC)
)
(/usr/share/texlive/texmf-dist/tex/latex/tools/calc.sty
Package: calc 2007/08/22 v4.3 Infix arithmetic (KKT,FJ)
\calc@Acount=\count120
\calc@Bcount=\count121
\calc@Adimen=\dimen118
\calc@Bdimen=\dimen119
\calc@Askip=\skip60
\calc@Bskip=\skip61
LaTeX Info: Redefining \setlength on input line 76.
LaTeX Info: Redefining \addtolength on input line 77.
\calc@Ccount=\count122
\calc@Cskip=\skip62
)
(/usr/share/texlive/texmf-dist/tex/latex/eso-pic/eso-pic.sty
Package: eso-pic 2013/10/06 v2.0d eso-pic (RN)
)
(/usr/share/texlive/texmf-dist/tex/latex/pdfpages/pppdftex.def
File: pppdftex.def 2013/08/25 v0.4v Pdfpages driver for pdfTeX (AM)
)
\AM@pagebox=\box36
\AM@toc@title=\toks28
\c@AM@survey=\count123
\AM@templatesizebox=\box37
)
(./Proyecto.aux
LaTeX Info: Redefining \. on input line 23.
LaTeX Info: Redefining \% on input line 23.
)
\openout1 = `Proyecto.aux'.

LaTeX Font Info:    Checking defaults for OML/cmm/m/it on input line 174.
LaTeX Font Info:    ... okay on input line 174.
LaTeX Font Info:    Checking defaults for T1/cmr/m/n on input line 174.
LaTeX Font Info:    ... okay on input line 174.
LaTeX Font Info:    Checking defaults for OT1/cmr/m/n on input line 174.
LaTeX Font Info:    ... okay on input line 174.
LaTeX Font Info:    Checking defaults for OMS/cmsy/m/n on input line 174.
LaTeX Font Info:    ... okay on input line 174.
LaTeX Font Info:    Checking defaults for OMX/cmex/m/n on input line 174.
LaTeX Font Info:    ... okay on input line 174.
LaTeX Font Info:    Checking defaults for U/cmr/m/n on input line 174.
LaTeX Font Info:    ... okay on input line 174.
LaTeX Font Info:    Checking defaults for PD1/pdf/m/n on input line 174.
LaTeX Font Info:    ... okay on input line 174.
\c@lstlisting=\count124
LaTeX Info: Redefining \. on input line 174.
LaTeX Info: Redefining \% on input line 174.
 (/usr/share/texlive/texmf-dist/tex/context/base/supp-pdf.mkii
[Loading MPS to PDF converter (version 2006.09.02).]
\scratchcounter=\count125
\scratchdimen=\dimen120
\scratchbox=\box38
\nofMPsegments=\count126
\nofMParguments=\count127
\everyMPshowfont=\toks29
\MPscratchCnt=\count128
\MPscratchDim=\dimen121
\MPnumerator=\count129
\makeMPintoPDFobject=\count130
\everyMPtoPDFconversion=\toks30
) (/usr/share/texlive/texmf-dist/tex/latex/oberdiek/epstopdf-base.sty
Package: epstopdf-base 2010/02/09 v2.5 Base part for package epstopdf

(/usr/share/texlive/texmf-dist/tex/latex/oberdiek/grfext.sty
Package: grfext 2010/08/19 v1.1 Manage graphics extensions (HO)
)
Package grfext Info: Graphics extension search list:
(grfext)             [.png,.pdf,.jpg,.mps,.jpeg,.jbig2,.jb2,.PNG,.PDF,.JPG,.JPE
G,.JBIG2,.JB2,.eps]
(grfext)             \AppendGraphicsExtensions on input line 452.

(/usr/share/texlive/texmf-dist/tex/latex/latexconfig/epstopdf-sys.cfg
File: epstopdf-sys.cfg 2010/07/13 v1.3 Configuration of (r)epstopdf for TeX Liv
e
))
\AtBeginShipoutBox=\box39
Package hyperref Info: Link coloring OFF on input line 174.

(/usr/share/texlive/texmf-dist/tex/latex/hyperref/nameref.sty
Package: nameref 2012/10/27 v2.43 Cross-referencing by name of section

(/usr/share/texlive/texmf-dist/tex/generic/oberdiek/gettitlestring.sty
Package: gettitlestring 2010/12/03 v1.4 Cleanup title references (HO)
)
\c@section@level=\count131
)
LaTeX Info: Redefining \ref on input line 174.
LaTeX Info: Redefining \pageref on input line 174.
LaTeX Info: Redefining \nameref on input line 174.

(./Proyecto.out) (./Proyecto.out)
\@outlinefile=\write3
\openout3 = `Proyecto.out'.

 (./portada/portada.tex
\centeroffset=\skip63

<imagenes/Logo-uned.jpg, id=80, 602.25pt x 301.125pt>
File: imagenes/Logo-uned.jpg Graphic file (type jpg)

<use imagenes/Logo-uned.jpg>
Package pdftex.def Info: imagenes/Logo-uned.jpg used on input line 12.
(pdftex.def)             Requested size: 251.9989pt x 125.99837pt.
LaTeX Font Info:    External font `cmex10' loaded for size
(Font)              <10.95> on input line 19.
LaTeX Font Info:    External font `cmex10' loaded for size
(Font)              <8> on input line 19.
LaTeX Font Info:    External font `cmex10' loaded for size
(Font)              <6> on input line 19.

Overfull \hbox (24.0pt too wide) in paragraph at lines 9--20
| $[]$ 
 []

<imagenes/Logo-master.png, id=81, 115.43124pt x 118.4425pt>
File: imagenes/Logo-master.png Graphic file (type png)

<use imagenes/Logo-master.png>
Package pdftex.def Info: imagenes/Logo-master.png used on input line 27.
(pdftex.def)             Requested size: 108.0011pt x 110.81906pt.

Overfull \hbox (24.0pt too wide) in paragraph at lines 22--34
| $[]$ 
 []

Package babel Info: Redefining spanish shorthand <<
(babel)             in language  on input line 34.
Package babel Info: Redefining spanish shorthand >>
(babel)             in language  on input line 34.
Package babel Info: Redefining spanish shorthand "=
(babel)             in language  on input line 34.
Package babel Info: Redefining spanish shorthand "~
(babel)             in language  on input line 34.
Package babel Info: Redefining spanish shorthand "!
(babel)             in language  on input line 34.
Package babel Info: Redefining spanish shorthand "?
(babel)             in language  on input line 34.
Package babel Info: Redefining spanish shorthand <<
(babel)             in language  on input line 34.
Package babel Info: Redefining spanish shorthand >>
(babel)             in language  on input line 34.
Package babel Info: Redefining spanish shorthand "=
(babel)             in language  on input line 34.
Package babel Info: Redefining spanish shorthand "~
(babel)             in language  on input line 34.
Package babel Info: Redefining spanish shorthand "!
(babel)             in language  on input line 34.
Package babel Info: Redefining spanish shorthand "?
(babel)             in language  on input line 34.
[1


{/var/lib/texmf/fonts/map/pdftex/updmap/pdftex.map} <./imagenes/Logo-uned.jpg> 
<./imagenes/Logo-master.png>])
Package babel Info: Redefining spanish shorthand <<
(babel)             in language  on input line 178.
Package babel Info: Redefining spanish shorthand >>
(babel)             in language  on input line 178.
Package babel Info: Redefining spanish shorthand "=
(babel)             in language  on input line 178.
Package babel Info: Redefining spanish shorthand "~
(babel)             in language  on input line 178.
Package babel Info: Redefining spanish shorthand "!
(babel)             in language  on input line 178.
Package babel Info: Redefining spanish shorthand "?
(babel)             in language  on input line 178.
Package babel Info: Redefining spanish shorthand <<
(babel)             in language  on input line 178.
Package babel Info: Redefining spanish shorthand >>
(babel)             in language  on input line 178.
Package babel Info: Redefining spanish shorthand "=
(babel)             in language  on input line 178.
Package babel Info: Redefining spanish shorthand "~
(babel)             in language  on input line 178.
Package babel Info: Redefining spanish shorthand "!
(babel)             in language  on input line 178.
Package babel Info: Redefining spanish shorthand "?
(babel)             in language  on input line 178.
 [2

] (./Proyecto.toc
LaTeX Info: Redefining \. on input line 1.
LaTeX Info: Redefining \% on input line 1.
)
\tf@toc=\write4
\openout4 = `Proyecto.toc'.

Package babel Info: Redefining spanish shorthand <<
(babel)             in language  on input line 179.
Package babel Info: Redefining spanish shorthand >>
(babel)             in language  on input line 179.
Package babel Info: Redefining spanish shorthand "=
(babel)             in language  on input line 179.
Package babel Info: Redefining spanish shorthand "~
(babel)             in language  on input line 179.
Package babel Info: Redefining spanish shorthand "!
(babel)             in language  on input line 179.
Package babel Info: Redefining spanish shorthand "?
(babel)             in language  on input line 179.
Package babel Info: Redefining spanish shorthand <<
(babel)             in language  on input line 179.
Package babel Info: Redefining spanish shorthand >>
(babel)             in language  on input line 179.
Package babel Info: Redefining spanish shorthand "=
(babel)             in language  on input line 179.
Package babel Info: Redefining spanish shorthand "~
(babel)             in language  on input line 179.
Package babel Info: Redefining spanish shorthand "!
(babel)             in language  on input line 179.
Package babel Info: Redefining spanish shorthand "?
(babel)             in language  on input line 179.
 [3]
Package babel Info: Redefining spanish shorthand <<
(babel)             in language  on input line 179.
Package babel Info: Redefining spanish shorthand >>
(babel)             in language  on input line 179.
Package babel Info: Redefining spanish shorthand "=
(babel)             in language  on input line 179.
Package babel Info: Redefining spanish shorthand "~
(babel)             in language  on input line 179.
Package babel Info: Redefining spanish shorthand "!
(babel)             in language  on input line 179.
Package babel Info: Redefining spanish shorthand "?
(babel)             in language  on input line 179.
Package babel Info: Redefining spanish shorthand <<
(babel)             in language  on input line 179.
Package babel Info: Redefining spanish shorthand >>
(babel)             in language  on input line 179.
Package babel Info: Redefining spanish shorthand "=
(babel)             in language  on input line 179.
Package babel Info: Redefining spanish shorthand "~
(babel)             in language  on input line 179.
Package babel Info: Redefining spanish shorthand "!
(babel)             in language  on input line 179.
Package babel Info: Redefining spanish shorthand "?
(babel)             in language  on input line 179.
 [4

] (./Proyecto.lof
LaTeX Info: Redefining \. on input line 1.
LaTeX Info: Redefining \% on input line 1.
)
\tf@lof=\write5
\openout5 = `Proyecto.lof'.

Package babel Info: Redefining spanish shorthand <<
(babel)             in language  on input line 189.
Package babel Info: Redefining spanish shorthand >>
(babel)             in language  on input line 189.
Package babel Info: Redefining spanish shorthand "=
(babel)             in language  on input line 189.
Package babel Info: Redefining spanish shorthand "~
(babel)             in language  on input line 189.
Package babel Info: Redefining spanish shorthand "!
(babel)             in language  on input line 189.
Package babel Info: Redefining spanish shorthand "?
(babel)             in language  on input line 189.
Package babel Info: Redefining spanish shorthand <<
(babel)             in language  on input line 189.
Package babel Info: Redefining spanish shorthand >>
(babel)             in language  on input line 189.
Package babel Info: Redefining spanish shorthand "=
(babel)             in language  on input line 189.
Package babel Info: Redefining spanish shorthand "~
(babel)             in language  on input line 189.
Package babel Info: Redefining spanish shorthand "!
(babel)             in language  on input line 189.
Package babel Info: Redefining spanish shorthand "?
(babel)             in language  on input line 189.

[5]
Package babel Info: Redefining spanish shorthand <<
(babel)             in language  on input line 189.
Package babel Info: Redefining spanish shorthand >>
(babel)             in language  on input line 189.
Package babel Info: Redefining spanish shorthand "=
(babel)             in language  on input line 189.
Package babel Info: Redefining spanish shorthand "~
(babel)             in language  on input line 189.
Package babel Info: Redefining spanish shorthand "!
(babel)             in language  on input line 189.
Package babel Info: Redefining spanish shorthand "?
(babel)             in language  on input line 189.
Package babel Info: Redefining spanish shorthand <<
(babel)             in language  on input line 189.
Package babel Info: Redefining spanish shorthand >>
(babel)             in language  on input line 189.
Package babel Info: Redefining spanish shorthand "=
(babel)             in language  on input line 189.
Package babel Info: Redefining spanish shorthand "~
(babel)             in language  on input line 189.
Package babel Info: Redefining spanish shorthand "!
(babel)             in language  on input line 189.
Package babel Info: Redefining spanish shorthand "?
(babel)             in language  on input line 189.
 [6

]
Cap\'{\i }tulo 1.
Package babel Info: Redefining spanish shorthand <<
(babel)             in language  on input line 189.
Package babel Info: Redefining spanish shorthand >>
(babel)             in language  on input line 189.
Package babel Info: Redefining spanish shorthand "=
(babel)             in language  on input line 189.
Package babel Info: Redefining spanish shorthand "~
(babel)             in language  on input line 189.
Package babel Info: Redefining spanish shorthand "!
(babel)             in language  on input line 189.
Package babel Info: Redefining spanish shorthand "?
(babel)             in language  on input line 189.
Package babel Info: Redefining spanish shorthand <<
(babel)             in language  on input line 199.
Package babel Info: Redefining spanish shorthand >>
(babel)             in language  on input line 199.
Package babel Info: Redefining spanish shorthand "=
(babel)             in language  on input line 199.
Package babel Info: Redefining spanish shorthand "~
(babel)             in language  on input line 199.
Package babel Info: Redefining spanish shorthand "!
(babel)             in language  on input line 199.
Package babel Info: Redefining spanish shorthand "?
(babel)             in language  on input line 199.
Package babel Info: Redefining spanish shorthand <<
(babel)             in language  on input line 199.
Package babel Info: Redefining spanish shorthand >>
(babel)             in language  on input line 199.
Package babel Info: Redefining spanish shorthand "=
(babel)             in language  on input line 199.
Package babel Info: Redefining spanish shorthand "~
(babel)             in language  on input line 199.
Package babel Info: Redefining spanish shorthand "!
(babel)             in language  on input line 199.
Package babel Info: Redefining spanish shorthand "?
(babel)             in language  on input line 199.
[7]
Package babel Info: Redefining spanish shorthand <<
(babel)             in language  on input line 199.
Package babel Info: Redefining spanish shorthand >>
(babel)             in language  on input line 199.
Package babel Info: Redefining spanish shorthand "=
(babel)             in language  on input line 199.
Package babel Info: Redefining spanish shorthand "~
(babel)             in language  on input line 199.
Package babel Info: Redefining spanish shorthand "!
(babel)             in language  on input line 199.
Package babel Info: Redefining spanish shorthand "?
(babel)             in language  on input line 199.
Package babel Info: Redefining spanish shorthand <<
(babel)             in language  on input line 199.
Package babel Info: Redefining spanish shorthand >>
(babel)             in language  on input line 199.
Package babel Info: Redefining spanish shorthand "=
(babel)             in language  on input line 199.
Package babel Info: Redefining spanish shorthand "~
(babel)             in language  on input line 199.
Package babel Info: Redefining spanish shorthand "!
(babel)             in language  on input line 199.
Package babel Info: Redefining spanish shorthand "?
(babel)             in language  on input line 199.
 [8

]
Cap\'{\i }tulo 2.
Package babel Info: Redefining spanish shorthand <<
(babel)             in language  on input line 199.
Package babel Info: Redefining spanish shorthand >>
(babel)             in language  on input line 199.
Package babel Info: Redefining spanish shorthand "=
(babel)             in language  on input line 199.
Package babel Info: Redefining spanish shorthand "~
(babel)             in language  on input line 199.
Package babel Info: Redefining spanish shorthand "!
(babel)             in language  on input line 199.
Package babel Info: Redefining spanish shorthand "?
(babel)             in language  on input line 199.
Package babel Info: Redefining spanish shorthand <<
(babel)             in language  on input line 201.
Package babel Info: Redefining spanish shorthand >>
(babel)             in language  on input line 201.
Package babel Info: Redefining spanish shorthand "=
(babel)             in language  on input line 201.
Package babel Info: Redefining spanish shorthand "~
(babel)             in language  on input line 201.
Package babel Info: Redefining spanish shorthand "!
(babel)             in language  on input line 201.
Package babel Info: Redefining spanish shorthand "?
(babel)             in language  on input line 201.
Package babel Info: Redefining spanish shorthand <<
(babel)             in language  on input line 222.
Package babel Info: Redefining spanish shorthand >>
(babel)             in language  on input line 222.
Package babel Info: Redefining spanish shorthand "=
(babel)             in language  on input line 222.
Package babel Info: Redefining spanish shorthand "~
(babel)             in language  on input line 222.
Package babel Info: Redefining spanish shorthand "!
(babel)             in language  on input line 222.
Package babel Info: Redefining spanish shorthand "?
(babel)             in language  on input line 222.
Package babel Info: Redefining spanish shorthand <<
(babel)             in language  on input line 225.
Package babel Info: Redefining spanish shorthand >>
(babel)             in language  on input line 225.
Package babel Info: Redefining spanish shorthand "=
(babel)             in language  on input line 225.
Package babel Info: Redefining spanish shorthand "~
(babel)             in language  on input line 225.
Package babel Info: Redefining spanish shorthand "!
(babel)             in language  on input line 225.
Package babel Info: Redefining spanish shorthand "?
(babel)             in language  on input line 225.
Package babel Info: Redefining spanish shorthand <<
(babel)             in language  on input line 225.
Package babel Info: Redefining spanish shorthand >>
(babel)             in language  on input line 225.
Package babel Info: Redefining spanish shorthand "=
(babel)             in language  on input line 225.
Package babel Info: Redefining spanish shorthand "~
(babel)             in language  on input line 225.
Package babel Info: Redefining spanish shorthand "!
(babel)             in language  on input line 225.
Package babel Info: Redefining spanish shorthand "?
(babel)             in language  on input line 225.
[9] (/usr/share/texlive/texmf-dist/tex/latex/listings/lstlang1.sty
File: lstlang1.sty 2013/08/26 1.5b listings language file
)
LaTeX Info: Redefining \. on input line 268.
LaTeX Info: Redefining \% on input line 268.
Package babel Info: Redefining spanish shorthand <<
(babel)             in language  on input line 268.
Package babel Info: Redefining spanish shorthand >>
(babel)             in language  on input line 268.
Package babel Info: Redefining spanish shorthand "=
(babel)             in language  on input line 268.
Package babel Info: Redefining spanish shorthand "~
(babel)             in language  on input line 268.
Package babel Info: Redefining spanish shorthand "!
(babel)             in language  on input line 268.
Package babel Info: Redefining spanish shorthand "?
(babel)             in language  on input line 268.
Package babel Info: Redefining spanish shorthand <<
(babel)             in language  on input line 268.
Package babel Info: Redefining spanish shorthand >>
(babel)             in language  on input line 268.
Package babel Info: Redefining spanish shorthand "=
(babel)             in language  on input line 268.
Package babel Info: Redefining spanish shorthand "~
(babel)             in language  on input line 268.
Package babel Info: Redefining spanish shorthand "!
(babel)             in language  on input line 268.
Package babel Info: Redefining spanish shorthand "?
(babel)             in language  on input line 268.
 [10]
LaTeX Font Info:    Font shape `OT1/cmtt/bx/n' in size <8> not available
(Font)              Font shape `OT1/cmtt/m/n' tried instead on input line 285.
Package babel Info: Redefining spanish shorthand <<
(babel)             in language  on input line 307.
Package babel Info: Redefining spanish shorthand >>
(babel)             in language  on input line 307.
Package babel Info: Redefining spanish shorthand "=
(babel)             in language  on input line 307.
Package babel Info: Redefining spanish shorthand "~
(babel)             in language  on input line 307.
Package babel Info: Redefining spanish shorthand "!
(babel)             in language  on input line 307.
Package babel Info: Redefining spanish shorthand "?
(babel)             in language  on input line 307.
LaTeX Info: Redefining \. on input line 310.
LaTeX Info: Redefining \% on input line 310.
Package babel Info: Redefining spanish shorthand <<
(babel)             in language  on input line 310.
Package babel Info: Redefining spanish shorthand >>
(babel)             in language  on input line 310.
Package babel Info: Redefining spanish shorthand "=
(babel)             in language  on input line 310.
Package babel Info: Redefining spanish shorthand "~
(babel)             in language  on input line 310.
Package babel Info: Redefining spanish shorthand "!
(babel)             in language  on input line 310.
Package babel Info: Redefining spanish shorthand "?
(babel)             in language  on input line 310.
Package babel Info: Redefining spanish shorthand <<
(babel)             in language  on input line 310.
Package babel Info: Redefining spanish shorthand >>
(babel)             in language  on input line 310.
Package babel Info: Redefining spanish shorthand "=
(babel)             in language  on input line 310.
Package babel Info: Redefining spanish shorthand "~
(babel)             in language  on input line 310.
Package babel Info: Redefining spanish shorthand "!
(babel)             in language  on input line 310.
Package babel Info: Redefining spanish shorthand "?
(babel)             in language  on input line 310.

[11]
Package babel Info: Redefining spanish shorthand <<
(babel)             in language  on input line 313.
Package babel Info: Redefining spanish shorthand >>
(babel)             in language  on input line 313.
Package babel Info: Redefining spanish shorthand "=
(babel)             in language  on input line 313.
Package babel Info: Redefining spanish shorthand "~
(babel)             in language  on input line 313.
Package babel Info: Redefining spanish shorthand "!
(babel)             in language  on input line 313.
Package babel Info: Redefining spanish shorthand "?
(babel)             in language  on input line 313.
Package babel Info: Redefining spanish shorthand <<
(babel)             in language  on input line 322.
Package babel Info: Redefining spanish shorthand >>
(babel)             in language  on input line 322.
Package babel Info: Redefining spanish shorthand "=
(babel)             in language  on input line 322.
Package babel Info: Redefining spanish shorthand "~
(babel)             in language  on input line 322.
Package babel Info: Redefining spanish shorthand "!
(babel)             in language  on input line 322.
Package babel Info: Redefining spanish shorthand "?
(babel)             in language  on input line 322.
 <imagenes/testString.png, id=236, 719.68875pt x 320.19624pt>
File: imagenes/testString.png Graphic file (type png)

<use imagenes/testString.png>
Package pdftex.def Info: imagenes/testString.png used on input line 330.
(pdftex.def)             Requested size: 251.89484pt x 112.07036pt.
LaTeX Info: Redefining \. on input line 333.
LaTeX Info: Redefining \% on input line 333.
Package babel Info: Redefining spanish shorthand <<
(babel)             in language  on input line 333.
Package babel Info: Redefining spanish shorthand >>
(babel)             in language  on input line 333.
Package babel Info: Redefining spanish shorthand "=
(babel)             in language  on input line 333.
Package babel Info: Redefining spanish shorthand "~
(babel)             in language  on input line 333.
Package babel Info: Redefining spanish shorthand "!
(babel)             in language  on input line 333.
Package babel Info: Redefining spanish shorthand "?
(babel)             in language  on input line 333.
Package babel Info: Redefining spanish shorthand <<
(babel)             in language  on input line 333.
Package babel Info: Redefining spanish shorthand >>
(babel)             in language  on input line 333.
Package babel Info: Redefining spanish shorthand "=
(babel)             in language  on input line 333.
Package babel Info: Redefining spanish shorthand "~
(babel)             in language  on input line 333.
Package babel Info: Redefining spanish shorthand "!
(babel)             in language  on input line 333.
Package babel Info: Redefining spanish shorthand "?
(babel)             in language  on input line 333.
 [12]
<imagenes/testNumbers.png, id=242, 722.7pt x 346.29375pt>
File: imagenes/testNumbers.png Graphic file (type png)

<use imagenes/testNumbers.png>
Package pdftex.def Info: imagenes/testNumbers.png used on input line 339.
(pdftex.def)             Requested size: 252.94878pt x 121.20462pt.

<imagenes/testObjects.png, id=243, 724.7075pt x 449.68pt>
File: imagenes/testObjects.png Graphic file (type png)

<use imagenes/testObjects.png>
Package pdftex.def Info: imagenes/testObjects.png used on input line 348.
(pdftex.def)             Requested size: 253.65143pt x 157.39035pt.

<imagenes/testBoolean.png, id=244, 723.70375pt x 345.29pt>
File: imagenes/testBoolean.png Graphic file (type png)

<use imagenes/testBoolean.png>
Package pdftex.def Info: imagenes/testBoolean.png used on input line 357.
(pdftex.def)             Requested size: 253.30011pt x 120.8533pt.
LaTeX Info: Redefining \. on input line 359.
LaTeX Info: Redefining \% on input line 359.
Package babel Info: Redefining spanish shorthand <<
(babel)             in language  on input line 359.
Package babel Info: Redefining spanish shorthand >>
(babel)             in language  on input line 359.
Package babel Info: Redefining spanish shorthand "=
(babel)             in language  on input line 359.
Package babel Info: Redefining spanish shorthand "~
(babel)             in language  on input line 359.
Package babel Info: Redefining spanish shorthand "!
(babel)             in language  on input line 359.
Package babel Info: Redefining spanish shorthand "?
(babel)             in language  on input line 359.
Package babel Info: Redefining spanish shorthand <<
(babel)             in language  on input line 359.
Package babel Info: Redefining spanish shorthand >>
(babel)             in language  on input line 359.
Package babel Info: Redefining spanish shorthand "=
(babel)             in language  on input line 359.
Package babel Info: Redefining spanish shorthand "~
(babel)             in language  on input line 359.
Package babel Info: Redefining spanish shorthand "!
(babel)             in language  on input line 359.
Package babel Info: Redefining spanish shorthand "?
(babel)             in language  on input line 359.
 [13 <./imagenes/testString.png> <./imagenes/testNumbers.png> <./imagenes/testO
bjects.png>]
<imagenes/testNull.png, id=252, 735.74875pt x 351.3125pt>
File: imagenes/testNull.png Graphic file (type png)

<use imagenes/testNull.png>
Package pdftex.def Info: imagenes/testNull.png used on input line 366.
(pdftex.def)             Requested size: 257.51591pt x 122.96121pt.

<imagenes/testArrays.png, id=253, 723.70375pt x 583.17876pt>
File: imagenes/testArrays.png Graphic file (type png)

<use imagenes/testArrays.png>
Package pdftex.def Info: imagenes/testArrays.png used on input line 375.
(pdftex.def)             Requested size: 253.30011pt x 204.11562pt.

Underfull \vbox (badness 10000) has occurred while \output is active []

LaTeX Info: Redefining \. on input line 378.
LaTeX Info: Redefining \% on input line 378.
Package babel Info: Redefining spanish shorthand <<
(babel)             in language  on input line 378.
Package babel Info: Redefining spanish shorthand >>
(babel)             in language  on input line 378.
Package babel Info: Redefining spanish shorthand "=
(babel)             in language  on input line 378.
Package babel Info: Redefining spanish shorthand "~
(babel)             in language  on input line 378.
Package babel Info: Redefining spanish shorthand "!
(babel)             in language  on input line 378.
Package babel Info: Redefining spanish shorthand "?
(babel)             in language  on input line 378.
Package babel Info: Redefining spanish shorthand <<
(babel)             in language  on input line 378.
Package babel Info: Redefining spanish shorthand >>
(babel)             in language  on input line 378.
Package babel Info: Redefining spanish shorthand "=
(babel)             in language  on input line 378.
Package babel Info: Redefining spanish shorthand "~
(babel)             in language  on input line 378.
Package babel Info: Redefining spanish shorthand "!
(babel)             in language  on input line 378.
Package babel Info: Redefining spanish shorthand "?
(babel)             in language  on input line 378.
 [14 <./imagenes/testBoolean.png> <./imagenes/testNull.png>]
LaTeX Info: Redefining \. on input line 409.
LaTeX Info: Redefining \% on input line 409.
Package babel Info: Redefining spanish shorthand <<
(babel)             in language  on input line 409.
Package babel Info: Redefining spanish shorthand >>
(babel)             in language  on input line 409.
Package babel Info: Redefining spanish shorthand "=
(babel)             in language  on input line 409.
Package babel Info: Redefining spanish shorthand "~
(babel)             in language  on input line 409.
Package babel Info: Redefining spanish shorthand "!
(babel)             in language  on input line 409.
Package babel Info: Redefining spanish shorthand "?
(babel)             in language  on input line 409.
Package babel Info: Redefining spanish shorthand <<
(babel)             in language  on input line 409.
Package babel Info: Redefining spanish shorthand >>
(babel)             in language  on input line 409.
Package babel Info: Redefining spanish shorthand "=
(babel)             in language  on input line 409.
Package babel Info: Redefining spanish shorthand "~
(babel)             in language  on input line 409.
Package babel Info: Redefining spanish shorthand "!
(babel)             in language  on input line 409.
Package babel Info: Redefining spanish shorthand "?
(babel)             in language  on input line 409.
 [15 <./imagenes/testArrays.png>]
Underfull \vbox (badness 10000) has occurred while \output is active []

LaTeX Info: Redefining \. on input line 467.
LaTeX Info: Redefining \% on input line 467.
Package babel Info: Redefining spanish shorthand <<
(babel)             in language  on input line 467.
Package babel Info: Redefining spanish shorthand >>
(babel)             in language  on input line 467.
Package babel Info: Redefining spanish shorthand "=
(babel)             in language  on input line 467.
Package babel Info: Redefining spanish shorthand "~
(babel)             in language  on input line 467.
Package babel Info: Redefining spanish shorthand "!
(babel)             in language  on input line 467.
Package babel Info: Redefining spanish shorthand "?
(babel)             in language  on input line 467.
Package babel Info: Redefining spanish shorthand <<
(babel)             in language  on input line 467.
Package babel Info: Redefining spanish shorthand >>
(babel)             in language  on input line 467.
Package babel Info: Redefining spanish shorthand "=
(babel)             in language  on input line 467.
Package babel Info: Redefining spanish shorthand "~
(babel)             in language  on input line 467.
Package babel Info: Redefining spanish shorthand "!
(babel)             in language  on input line 467.
Package babel Info: Redefining spanish shorthand "?
(babel)             in language  on input line 467.
 [16]
Underfull \vbox (badness 10000) has occurred while \output is active []

LaTeX Info: Redefining \. on input line 516.
LaTeX Info: Redefining \% on input line 516.
Package babel Info: Redefining spanish shorthand <<
(babel)             in language  on input line 516.
Package babel Info: Redefining spanish shorthand >>
(babel)             in language  on input line 516.
Package babel Info: Redefining spanish shorthand "=
(babel)             in language  on input line 516.
Package babel Info: Redefining spanish shorthand "~
(babel)             in language  on input line 516.
Package babel Info: Redefining spanish shorthand "!
(babel)             in language  on input line 516.
Package babel Info: Redefining spanish shorthand "?
(babel)             in language  on input line 516.
Package babel Info: Redefining spanish shorthand <<
(babel)             in language  on input line 516.
Package babel Info: Redefining spanish shorthand >>
(babel)             in language  on input line 516.
Package babel Info: Redefining spanish shorthand "=
(babel)             in language  on input line 516.
Package babel Info: Redefining spanish shorthand "~
(babel)             in language  on input line 516.
Package babel Info: Redefining spanish shorthand "!
(babel)             in language  on input line 516.
Package babel Info: Redefining spanish shorthand "?
(babel)             in language  on input line 516.
 [17]
Underfull \vbox (badness 10000) has occurred while \output is active []

LaTeX Info: Redefining \. on input line 560.
LaTeX Info: Redefining \% on input line 560.
Package babel Info: Redefining spanish shorthand <<
(babel)             in language  on input line 560.
Package babel Info: Redefining spanish shorthand >>
(babel)             in language  on input line 560.
Package babel Info: Redefining spanish shorthand "=
(babel)             in language  on input line 560.
Package babel Info: Redefining spanish shorthand "~
(babel)             in language  on input line 560.
Package babel Info: Redefining spanish shorthand "!
(babel)             in language  on input line 560.
Package babel Info: Redefining spanish shorthand "?
(babel)             in language  on input line 560.
Package babel Info: Redefining spanish shorthand <<
(babel)             in language  on input line 560.
Package babel Info: Redefining spanish shorthand >>
(babel)             in language  on input line 560.
Package babel Info: Redefining spanish shorthand "=
(babel)             in language  on input line 560.
Package babel Info: Redefining spanish shorthand "~
(babel)             in language  on input line 560.
Package babel Info: Redefining spanish shorthand "!
(babel)             in language  on input line 560.
Package babel Info: Redefining spanish shorthand "?
(babel)             in language  on input line 560.
 [18]
<imagenes/testXML2JSON.png, id=457, 726.715pt x 559.08875pt>
File: imagenes/testXML2JSON.png Graphic file (type png)

<use imagenes/testXML2JSON.png>
Package pdftex.def Info: imagenes/testXML2JSON.png used on input line 580.
(pdftex.def)             Requested size: 254.35405pt x 195.68399pt.
Package babel Info: Redefining spanish shorthand <<
(babel)             in language  on input line 584.
Package babel Info: Redefining spanish shorthand >>
(babel)             in language  on input line 584.
Package babel Info: Redefining spanish shorthand "=
(babel)             in language  on input line 584.
Package babel Info: Redefining spanish shorthand "~
(babel)             in language  on input line 584.
Package babel Info: Redefining spanish shorthand "!
(babel)             in language  on input line 584.
Package babel Info: Redefining spanish shorthand "?
(babel)             in language  on input line 584.

<imagenes/missingInput.png, id=458, 728.7225pt x 217.81375pt>
File: imagenes/missingInput.png Graphic file (type png)

<use imagenes/missingInput.png>
Package pdftex.def Info: imagenes/missingInput.png used on input line 593.
(pdftex.def)             Requested size: 255.05669pt x 76.23595pt.
LaTeX Info: Redefining \. on input line 595.
LaTeX Info: Redefining \% on input line 595.
Package babel Info: Redefining spanish shorthand <<
(babel)             in language  on input line 595.
Package babel Info: Redefining spanish shorthand >>
(babel)             in language  on input line 595.
Package babel Info: Redefining spanish shorthand "=
(babel)             in language  on input line 595.
Package babel Info: Redefining spanish shorthand "~
(babel)             in language  on input line 595.
Package babel Info: Redefining spanish shorthand "!
(babel)             in language  on input line 595.
Package babel Info: Redefining spanish shorthand "?
(babel)             in language  on input line 595.
Package babel Info: Redefining spanish shorthand <<
(babel)             in language  on input line 595.
Package babel Info: Redefining spanish shorthand >>
(babel)             in language  on input line 595.
Package babel Info: Redefining spanish shorthand "=
(babel)             in language  on input line 595.
Package babel Info: Redefining spanish shorthand "~
(babel)             in language  on input line 595.
Package babel Info: Redefining spanish shorthand "!
(babel)             in language  on input line 595.
Package babel Info: Redefining spanish shorthand "?
(babel)             in language  on input line 595.
 [19 <./imagenes/testXML2JSON.png>]
<imagenes/badInputFormat.png, id=478, 718.685pt x 229.85875pt>
File: imagenes/badInputFormat.png Graphic file (type png)

<use imagenes/badInputFormat.png>
Package pdftex.def Info: imagenes/badInputFormat.png used on input line 603.
(pdftex.def)             Requested size: 251.54352pt x 80.45175pt.

<imagenes/badInput.png, id=479, 718.685pt x 577.15625pt>
File: imagenes/badInput.png Graphic file (type png)

<use imagenes/badInput.png>
Package pdftex.def Info: imagenes/badInput.png used on input line 613.
(pdftex.def)             Requested size: 251.54352pt x 202.0077pt.

Underfull \vbox (badness 10000) has occurred while \output is active []

LaTeX Info: Redefining \. on input line 616.
LaTeX Info: Redefining \% on input line 616.
Package babel Info: Redefining spanish shorthand <<
(babel)             in language  on input line 616.
Package babel Info: Redefining spanish shorthand >>
(babel)             in language  on input line 616.
Package babel Info: Redefining spanish shorthand "=
(babel)             in language  on input line 616.
Package babel Info: Redefining spanish shorthand "~
(babel)             in language  on input line 616.
Package babel Info: Redefining spanish shorthand "!
(babel)             in language  on input line 616.
Package babel Info: Redefining spanish shorthand "?
(babel)             in language  on input line 616.
Package babel Info: Redefining spanish shorthand <<
(babel)             in language  on input line 616.
Package babel Info: Redefining spanish shorthand >>
(babel)             in language  on input line 616.
Package babel Info: Redefining spanish shorthand "=
(babel)             in language  on input line 616.
Package babel Info: Redefining spanish shorthand "~
(babel)             in language  on input line 616.
Package babel Info: Redefining spanish shorthand "!
(babel)             in language  on input line 616.
Package babel Info: Redefining spanish shorthand "?
(babel)             in language  on input line 616.
 [20 <./imagenes/missingInput.png> <./imagenes/badInputFormat.png>]
LaTeX Info: Redefining \. on input line 617.
LaTeX Info: Redefining \% on input line 617.
Package babel Info: Redefining spanish shorthand <<
(babel)             in language  on input line 617.
Package babel Info: Redefining spanish shorthand >>
(babel)             in language  on input line 617.
Package babel Info: Redefining spanish shorthand "=
(babel)             in language  on input line 617.
Package babel Info: Redefining spanish shorthand "~
(babel)             in language  on input line 617.
Package babel Info: Redefining spanish shorthand "!
(babel)             in language  on input line 617.
Package babel Info: Redefining spanish shorthand "?
(babel)             in language  on input line 617.
Package babel Info: Redefining spanish shorthand <<
(babel)             in language  on input line 617.
Package babel Info: Redefining spanish shorthand >>
(babel)             in language  on input line 617.
Package babel Info: Redefining spanish shorthand "=
(babel)             in language  on input line 617.
Package babel Info: Redefining spanish shorthand "~
(babel)             in language  on input line 617.
Package babel Info: Redefining spanish shorthand "!
(babel)             in language  on input line 617.
Package babel Info: Redefining spanish shorthand "?
(babel)             in language  on input line 617.
 [21 <./imagenes/badInput.png>]
Package babel Info: Redefining spanish shorthand <<
(babel)             in language  on input line 617.
Package babel Info: Redefining spanish shorthand >>
(babel)             in language  on input line 617.
Package babel Info: Redefining spanish shorthand "=
(babel)             in language  on input line 617.
Package babel Info: Redefining spanish shorthand "~
(babel)             in language  on input line 617.
Package babel Info: Redefining spanish shorthand "!
(babel)             in language  on input line 617.
Package babel Info: Redefining spanish shorthand "?
(babel)             in language  on input line 617.
Package babel Info: Redefining spanish shorthand <<
(babel)             in language  on input line 617.
Package babel Info: Redefining spanish shorthand >>
(babel)             in language  on input line 617.
Package babel Info: Redefining spanish shorthand "=
(babel)             in language  on input line 617.
Package babel Info: Redefining spanish shorthand "~
(babel)             in language  on input line 617.
Package babel Info: Redefining spanish shorthand "!
(babel)             in language  on input line 617.
Package babel Info: Redefining spanish shorthand "?
(babel)             in language  on input line 617.
 [22

]
Cap\'{\i }tulo 3.
Package babel Info: Redefining spanish shorthand <<
(babel)             in language  on input line 617.
Package babel Info: Redefining spanish shorthand >>
(babel)             in language  on input line 617.
Package babel Info: Redefining spanish shorthand "=
(babel)             in language  on input line 617.
Package babel Info: Redefining spanish shorthand "~
(babel)             in language  on input line 617.
Package babel Info: Redefining spanish shorthand "!
(babel)             in language  on input line 617.
Package babel Info: Redefining spanish shorthand "?
(babel)             in language  on input line 617.
Package babel Info: Redefining spanish shorthand <<
(babel)             in language  on input line 620.
Package babel Info: Redefining spanish shorthand >>
(babel)             in language  on input line 620.
Package babel Info: Redefining spanish shorthand "=
(babel)             in language  on input line 620.
Package babel Info: Redefining spanish shorthand "~
(babel)             in language  on input line 620.
Package babel Info: Redefining spanish shorthand "!
(babel)             in language  on input line 620.
Package babel Info: Redefining spanish shorthand "?
(babel)             in language  on input line 620.
Package babel Info: Redefining spanish shorthand <<
(babel)             in language  on input line 623.
Package babel Info: Redefining spanish shorthand >>
(babel)             in language  on input line 623.
Package babel Info: Redefining spanish shorthand "=
(babel)             in language  on input line 623.
Package babel Info: Redefining spanish shorthand "~
(babel)             in language  on input line 623.
Package babel Info: Redefining spanish shorthand "!
(babel)             in language  on input line 623.
Package babel Info: Redefining spanish shorthand "?
(babel)             in language  on input line 623.
Package babel Info: Redefining spanish shorthand <<
(babel)             in language  on input line 626.
Package babel Info: Redefining spanish shorthand >>
(babel)             in language  on input line 626.
Package babel Info: Redefining spanish shorthand "=
(babel)             in language  on input line 626.
Package babel Info: Redefining spanish shorthand "~
(babel)             in language  on input line 626.
Package babel Info: Redefining spanish shorthand "!
(babel)             in language  on input line 626.
Package babel Info: Redefining spanish shorthand "?
(babel)             in language  on input line 626.
Package babel Info: Redefining spanish shorthand <<
(babel)             in language  on input line 629.
Package babel Info: Redefining spanish shorthand >>
(babel)             in language  on input line 629.
Package babel Info: Redefining spanish shorthand "=
(babel)             in language  on input line 629.
Package babel Info: Redefining spanish shorthand "~
(babel)             in language  on input line 629.
Package babel Info: Redefining spanish shorthand "!
(babel)             in language  on input line 629.
Package babel Info: Redefining spanish shorthand "?
(babel)             in language  on input line 629.
Package babel Info: Redefining spanish shorthand <<
(babel)             in language  on input line 632.
Package babel Info: Redefining spanish shorthand >>
(babel)             in language  on input line 632.
Package babel Info: Redefining spanish shorthand "=
(babel)             in language  on input line 632.
Package babel Info: Redefining spanish shorthand "~
(babel)             in language  on input line 632.
Package babel Info: Redefining spanish shorthand "!
(babel)             in language  on input line 632.
Package babel Info: Redefining spanish shorthand "?
(babel)             in language  on input line 632.
Package babel Info: Redefining spanish shorthand <<
(babel)             in language  on input line 634.
Package babel Info: Redefining spanish shorthand >>
(babel)             in language  on input line 634.
Package babel Info: Redefining spanish shorthand "=
(babel)             in language  on input line 634.
Package babel Info: Redefining spanish shorthand "~
(babel)             in language  on input line 634.
Package babel Info: Redefining spanish shorthand "!
(babel)             in language  on input line 634.
Package babel Info: Redefining spanish shorthand "?
(babel)             in language  on input line 634.
Package babel Info: Redefining spanish shorthand <<
(babel)             in language  on input line 634.
Package babel Info: Redefining spanish shorthand >>
(babel)             in language  on input line 634.
Package babel Info: Redefining spanish shorthand "=
(babel)             in language  on input line 634.
Package babel Info: Redefining spanish shorthand "~
(babel)             in language  on input line 634.
Package babel Info: Redefining spanish shorthand "!
(babel)             in language  on input line 634.
Package babel Info: Redefining spanish shorthand "?
(babel)             in language  on input line 634.
[23]
Package babel Info: Redefining spanish shorthand <<
(babel)             in language  on input line 635.
Package babel Info: Redefining spanish shorthand >>
(babel)             in language  on input line 635.
Package babel Info: Redefining spanish shorthand "=
(babel)             in language  on input line 635.
Package babel Info: Redefining spanish shorthand "~
(babel)             in language  on input line 635.
Package babel Info: Redefining spanish shorthand "!
(babel)             in language  on input line 635.
Package babel Info: Redefining spanish shorthand "?
(babel)             in language  on input line 635.
Package babel Info: Redefining spanish shorthand <<
(babel)             in language  on input line 638.
Package babel Info: Redefining spanish shorthand >>
(babel)             in language  on input line 638.
Package babel Info: Redefining spanish shorthand "=
(babel)             in language  on input line 638.
Package babel Info: Redefining spanish shorthand "~
(babel)             in language  on input line 638.
Package babel Info: Redefining spanish shorthand "!
(babel)             in language  on input line 638.
Package babel Info: Redefining spanish shorthand "?
(babel)             in language  on input line 638.
LaTeX Info: Redefining \. on input line 643.
LaTeX Info: Redefining \% on input line 643.
Package babel Info: Redefining spanish shorthand <<
(babel)             in language  on input line 643.
Package babel Info: Redefining spanish shorthand >>
(babel)             in language  on input line 643.
Package babel Info: Redefining spanish shorthand "=
(babel)             in language  on input line 643.
Package babel Info: Redefining spanish shorthand "~
(babel)             in language  on input line 643.
Package babel Info: Redefining spanish shorthand "!
(babel)             in language  on input line 643.
Package babel Info: Redefining spanish shorthand "?
(babel)             in language  on input line 643.
Package babel Info: Redefining spanish shorthand <<
(babel)             in language  on input line 643.
Package babel Info: Redefining spanish shorthand >>
(babel)             in language  on input line 643.
Package babel Info: Redefining spanish shorthand "=
(babel)             in language  on input line 643.
Package babel Info: Redefining spanish shorthand "~
(babel)             in language  on input line 643.
Package babel Info: Redefining spanish shorthand "!
(babel)             in language  on input line 643.
Package babel Info: Redefining spanish shorthand "?
(babel)             in language  on input line 643.
 [24]
Underfull \hbox (badness 10000) in paragraph at lines 658--661
[]\OT1/cmr/m/sc/10.95 python\OT1/cmr/m/n/10.95 , \OT1/cmr/m/it/10.95 Pyt-hon 2.
7.6 lan-gua-ge []$\OT1/cmtt/m/n/10.95 https : / / www . python . org /
 []

Package babel Info: Redefining spanish shorthand <<
(babel)             in language  on input line 687.
Package babel Info: Redefining spanish shorthand >>
(babel)             in language  on input line 687.
Package babel Info: Redefining spanish shorthand "=
(babel)             in language  on input line 687.
Package babel Info: Redefining spanish shorthand "~
(babel)             in language  on input line 687.
Package babel Info: Redefining spanish shorthand "!
(babel)             in language  on input line 687.
Package babel Info: Redefining spanish shorthand "?
(babel)             in language  on input line 687.
Package babel Info: Redefining spanish shorthand <<
(babel)             in language  on input line 687.
Package babel Info: Redefining spanish shorthand >>
(babel)             in language  on input line 687.
Package babel Info: Redefining spanish shorthand "=
(babel)             in language  on input line 687.
Package babel Info: Redefining spanish shorthand "~
(babel)             in language  on input line 687.
Package babel Info: Redefining spanish shorthand "!
(babel)             in language  on input line 687.
Package babel Info: Redefining spanish shorthand "?
(babel)             in language  on input line 687.
[25

]
Package babel Info: Redefining spanish shorthand <<
(babel)             in language  on input line 687.
Package babel Info: Redefining spanish shorthand >>
(babel)             in language  on input line 687.
Package babel Info: Redefining spanish shorthand "=
(babel)             in language  on input line 687.
Package babel Info: Redefining spanish shorthand "~
(babel)             in language  on input line 687.
Package babel Info: Redefining spanish shorthand "!
(babel)             in language  on input line 687.
Package babel Info: Redefining spanish shorthand "?
(babel)             in language  on input line 687.
Package babel Info: Redefining spanish shorthand <<
(babel)             in language  on input line 687.
Package babel Info: Redefining spanish shorthand >>
(babel)             in language  on input line 687.
Package babel Info: Redefining spanish shorthand "=
(babel)             in language  on input line 687.
Package babel Info: Redefining spanish shorthand "~
(babel)             in language  on input line 687.
Package babel Info: Redefining spanish shorthand "!
(babel)             in language  on input line 687.
Package babel Info: Redefining spanish shorthand "?
(babel)             in language  on input line 687.
 [26

]
Cap\'{\i }tulo 4.
Package babel Info: Redefining spanish shorthand <<
(babel)             in language  on input line 687.
Package babel Info: Redefining spanish shorthand >>
(babel)             in language  on input line 687.
Package babel Info: Redefining spanish shorthand "=
(babel)             in language  on input line 687.
Package babel Info: Redefining spanish shorthand "~
(babel)             in language  on input line 687.
Package babel Info: Redefining spanish shorthand "!
(babel)             in language  on input line 687.
Package babel Info: Redefining spanish shorthand "?
(babel)             in language  on input line 687.
Package babel Info: Redefining spanish shorthand <<
(babel)             in language  on input line 688.
Package babel Info: Redefining spanish shorthand >>
(babel)             in language  on input line 688.
Package babel Info: Redefining spanish shorthand "=
(babel)             in language  on input line 688.
Package babel Info: Redefining spanish shorthand "~
(babel)             in language  on input line 688.
Package babel Info: Redefining spanish shorthand "!
(babel)             in language  on input line 688.
Package babel Info: Redefining spanish shorthand "?
(babel)             in language  on input line 688.
Package babel Info: Redefining spanish shorthand <<
(babel)             in language  on input line 729.
Package babel Info: Redefining spanish shorthand >>
(babel)             in language  on input line 729.
Package babel Info: Redefining spanish shorthand "=
(babel)             in language  on input line 729.
Package babel Info: Redefining spanish shorthand "~
(babel)             in language  on input line 729.
Package babel Info: Redefining spanish shorthand "!
(babel)             in language  on input line 729.
Package babel Info: Redefining spanish shorthand "?
(babel)             in language  on input line 729.
Package babel Info: Redefining spanish shorthand <<
(babel)             in language  on input line 729.
Package babel Info: Redefining spanish shorthand >>
(babel)             in language  on input line 729.
Package babel Info: Redefining spanish shorthand "=
(babel)             in language  on input line 729.
Package babel Info: Redefining spanish shorthand "~
(babel)             in language  on input line 729.
Package babel Info: Redefining spanish shorthand "!
(babel)             in language  on input line 729.
Package babel Info: Redefining spanish shorthand "?
(babel)             in language  on input line 729.
[27]
Underfull \vbox (badness 10000) has occurred while \output is active []

LaTeX Info: Redefining \. on input line 788.
LaTeX Info: Redefining \% on input line 788.
Package babel Info: Redefining spanish shorthand <<
(babel)             in language  on input line 788.
Package babel Info: Redefining spanish shorthand >>
(babel)             in language  on input line 788.
Package babel Info: Redefining spanish shorthand "=
(babel)             in language  on input line 788.
Package babel Info: Redefining spanish shorthand "~
(babel)             in language  on input line 788.
Package babel Info: Redefining spanish shorthand "!
(babel)             in language  on input line 788.
Package babel Info: Redefining spanish shorthand "?
(babel)             in language  on input line 788.
Package babel Info: Redefining spanish shorthand <<
(babel)             in language  on input line 788.
Package babel Info: Redefining spanish shorthand >>
(babel)             in language  on input line 788.
Package babel Info: Redefining spanish shorthand "=
(babel)             in language  on input line 788.
Package babel Info: Redefining spanish shorthand "~
(babel)             in language  on input line 788.
Package babel Info: Redefining spanish shorthand "!
(babel)             in language  on input line 788.
Package babel Info: Redefining spanish shorthand "?
(babel)             in language  on input line 788.
 [28]
Overfull \hbox (159.81107pt too wide) in paragraph at lines 828--829
[][][][] 
 []


Overfull \hbox (159.81107pt too wide) in paragraph at lines 830--832
[][][][] 
 []

Package babel Info: Redefining spanish shorthand <<
(babel)             in language  on input line 841.
Package babel Info: Redefining spanish shorthand >>
(babel)             in language  on input line 841.
Package babel Info: Redefining spanish shorthand "=
(babel)             in language  on input line 841.
Package babel Info: Redefining spanish shorthand "~
(babel)             in language  on input line 841.
Package babel Info: Redefining spanish shorthand "!
(babel)             in language  on input line 841.
Package babel Info: Redefining spanish shorthand "?
(babel)             in language  on input line 841.
LaTeX Info: Redefining \. on input line 842.
LaTeX Info: Redefining \% on input line 842.
Package babel Info: Redefining spanish shorthand <<
(babel)             in language  on input line 842.
Package babel Info: Redefining spanish shorthand >>
(babel)             in language  on input line 842.
Package babel Info: Redefining spanish shorthand "=
(babel)             in language  on input line 842.
Package babel Info: Redefining spanish shorthand "~
(babel)             in language  on input line 842.
Package babel Info: Redefining spanish shorthand "!
(babel)             in language  on input line 842.
Package babel Info: Redefining spanish shorthand "?
(babel)             in language  on input line 842.
Package babel Info: Redefining spanish shorthand <<
(babel)             in language  on input line 842.
Package babel Info: Redefining spanish shorthand >>
(babel)             in language  on input line 842.
Package babel Info: Redefining spanish shorthand "=
(babel)             in language  on input line 842.
Package babel Info: Redefining spanish shorthand "~
(babel)             in language  on input line 842.
Package babel Info: Redefining spanish shorthand "!
(babel)             in language  on input line 842.
Package babel Info: Redefining spanish shorthand "?
(babel)             in language  on input line 842.
[29]
Package atveryend Info: Empty hook `BeforeClearDocument' on input line 901.
Package babel Info: Redefining spanish shorthand <<
(babel)             in language  on input line 901.
Package babel Info: Redefining spanish shorthand >>
(babel)             in language  on input line 901.
Package babel Info: Redefining spanish shorthand "=
(babel)             in language  on input line 901.
Package babel Info: Redefining spanish shorthand "~
(babel)             in language  on input line 901.
Package babel Info: Redefining spanish shorthand "!
(babel)             in language  on input line 901.
Package babel Info: Redefining spanish shorthand "?
(babel)             in language  on input line 901.
Package babel Info: Redefining spanish shorthand <<
(babel)             in language  on input line 901.
Package babel Info: Redefining spanish shorthand >>
(babel)             in language  on input line 901.
Package babel Info: Redefining spanish shorthand "=
(babel)             in language  on input line 901.
Package babel Info: Redefining spanish shorthand "~
(babel)             in language  on input line 901.
Package babel Info: Redefining spanish shorthand "!
(babel)             in language  on input line 901.
Package babel Info: Redefining spanish shorthand "?
(babel)             in language  on input line 901.
 [30]
Package atveryend Info: Empty hook `AfterLastShipout' on input line 901.
 (./Proyecto.aux
LaTeX Info: Redefining \. on input line 23.
LaTeX Info: Redefining \% on input line 23.
)
Package atveryend Info: Executing hook `AtVeryEndDocument' on input line 901.
Package atveryend Info: Executing hook `AtEndAfterFileList' on input line 901.
Package rerunfilecheck Info: File `Proyecto.out' has not changed.
(rerunfilecheck)             Checksum: C178ED2BDFFB8E4D3A3D66211380DF2F;1198.
Package atveryend Info: Empty hook `AtVeryVeryEnd' on input line 901.
 ) 
Here is how much of TeX's memory you used:
 9922 strings out of 493304
 141069 string characters out of 6139871
 436223 words of memory out of 5000000
 12729 multiletter control sequences out of 15000+600000
 10092 words of font info for 36 fonts, out of 8000000 for 9000
 957 hyphenation exceptions out of 8191
 34i,13n,43p,628b,2035s stack positions out of 5000i,500n,10000p,200000b,80000s
</usr/share/texlive/texmf-dist/fonts/type1/public/amsfonts/cm/cmbx10.pfb></us
r/share/texlive/texmf-dist/fonts/type1/public/amsfonts/cm/cmbx12.pfb></usr/shar
e/texlive/texmf-dist/fonts/type1/public/amsfonts/cm/cmcsc10.pfb></usr/share/tex
live/texmf-dist/fonts/type1/public/amsfonts/cm/cmr10.pfb></usr/share/texlive/te
xmf-dist/fonts/type1/public/amsfonts/cm/cmr6.pfb></usr/share/texlive/texmf-dist
/fonts/type1/public/amsfonts/cm/cmti10.pfb></usr/share/texlive/texmf-dist/fonts
/type1/public/amsfonts/cm/cmtt10.pfb></usr/share/texlive/texmf-dist/fonts/type1
/public/amsfonts/cm/cmtt8.pfb>
Output written on Proyecto.pdf (30 pages, 714410 bytes).
PDF statistics:
 877 PDF objects out of 1000 (max. 8388607)
 816 compressed objects within 9 object streams
 515 named destinations out of 1000 (max. 500000)
 213 words of extra memory for PDF output out of 10000 (max. 10000000)

